build/app/intermediates/manifest_merge_blame_file/debug/manifest-merger-blame-debug-report.txt
1<?xml version="1.0" encoding="utf-8"?>
2<manifest xmlns:android="http://schemas.android.com/apk/res/android"
3    package="com.example.pooleye"
4    android:versionCode="1"
5    android:versionName="1.0.0" >
6
7    <uses-sdk
8        android:minSdkVersion="21"
9        android:targetSdkVersion="29" />
10    <!--
11         Flutter needs it to communicate with the running application
12         to allow setting breakpoints, to provide hot reload, etc.
13    -->
14    <uses-permission android:name="android.permission.INTERNET" />
14-->src\debug\AndroidManifest.xml:6:5-66
14-->src\debug\AndroidManifest.xml:6:22-64
15    <uses-permission android:name="android.permission.READ_EXTERNAL_STORAGE" />
15-->[:image_picker] AndroidManifest.xml:7:5-80
15-->[:image_picker] AndroidManifest.xml:7:22-77
16    <uses-permission android:name="android.permission.WRITE_EXTERNAL_STORAGE" />
16-->[:image_picker] AndroidManifest.xml:8:5-81
16-->[:image_picker] AndroidManifest.xml:8:22-78
17    <uses-permission android:name="android.permission.ACCESS_NETWORK_STATE" />
17-->[com.google.firebase:firebase-auth:20.0.3] AndroidManifest.xml:24:5-79
17-->[com.google.firebase:firebase-auth:20.0.3] AndroidManifest.xml:24:22-76
18    <uses-permission android:name="android.permission.WAKE_LOCK" /> <!-- Required by older versions of Google Play services to create IID tokens -->
18-->[com.google.firebase:firebase-iid:21.0.1] AndroidManifest.xml:24:5-68
18-->[com.google.firebase:firebase-iid:21.0.1] AndroidManifest.xml:24:22-65
19    <uses-permission android:name="com.google.android.c2dm.permission.RECEIVE" />
19-->[com.google.firebase:firebase-iid:21.0.1] AndroidManifest.xml:26:5-82
19-->[com.google.firebase:firebase-iid:21.0.1] AndroidManifest.xml:26:22-79
20    <uses-permission android:name="com.google.android.finsky.permission.BIND_GET_INSTALL_REFERRER_SERVICE" />
20-->[com.google.android.gms:play-services-measurement:18.0.2] AndroidManifest.xml:26:5-110
20-->[com.google.android.gms:play-services-measurement:18.0.2] AndroidManifest.xml:26:22-107
21    <!--
22 io.flutter.app.FlutterApplication is an android.app.Application that
23         calls FlutterMain.startInitialization(this); in its onCreate method.
24         In most cases you can leave this as-is, but you if you want to provide
25         additional functionality it is fine to subclass or reimplement
26         FlutterApplication and put your custom class here.
27    -->
28    <application
28-->src\main\AndroidManifest.xml:8:5-46:19
29        android:name="io.flutter.app.FlutterApplication"
29-->src\main\AndroidManifest.xml:9:9-57
30        android:appComponentFactory="androidx.core.app.CoreComponentFactory"
30-->[androidx.core:core:1.1.0] AndroidManifest.xml:24:18-86
31        android:debuggable="true"
32        android:icon="@mipmap/ic_launcher"
32-->src\main\AndroidManifest.xml:11:9-43
33        android:label="pooleye" >
33-->src\main\AndroidManifest.xml:10:9-32
34        <activity
34-->src\main\AndroidManifest.xml:12:9-40:20
35            android:name="com.example.pooleye.MainActivity"
35-->src\main\AndroidManifest.xml:13:13-41
36            android:configChanges="orientation|keyboardHidden|keyboard|screenSize|smallestScreenSize|locale|layoutDirection|fontScale|screenLayout|density|uiMode"
36-->src\main\AndroidManifest.xml:16:13-163
37            android:hardwareAccelerated="true"
37-->src\main\AndroidManifest.xml:17:13-47
38            android:launchMode="singleTop"
38-->src\main\AndroidManifest.xml:14:13-43
39            android:theme="@style/LaunchTheme"
39-->src\main\AndroidManifest.xml:15:13-47
40            android:windowSoftInputMode="adjustResize" >
40-->src\main\AndroidManifest.xml:18:13-55
41
42            <!--
43                 Specifies an Android theme to apply to this Activity as soon as
44                 the Android process has started. This theme is visible to the user
45                 while the Flutter UI initializes. After that, this theme continues
46                 to determine the Window background behind the Flutter UI.
47            -->
48            <meta-data
48-->src\main\AndroidManifest.xml:23:13-26:17
49                android:name="io.flutter.embedding.android.NormalTheme"
49-->src\main\AndroidManifest.xml:24:15-70
50                android:resource="@style/NormalTheme" />
50-->src\main\AndroidManifest.xml:25:15-52
51            <!--
52                 Displays an Android View that continues showing the launch screen
53                 Drawable until Flutter paints its first frame, then this splash
54                 screen fades out. A splash screen is useful to avoid any visual
55                 gap between the end of Android's launch screen and the painting of
56                 Flutter's first frame.
57            -->
58            <meta-data
58-->src\main\AndroidManifest.xml:32:13-35:17
59                android:name="io.flutter.embedding.android.SplashScreenDrawable"
59-->src\main\AndroidManifest.xml:33:15-79
60                android:resource="@drawable/launch_background" />
60-->src\main\AndroidManifest.xml:34:15-61
61
62            <intent-filter>
62-->src\main\AndroidManifest.xml:36:13-39:29
63                <action android:name="android.intent.action.MAIN" />
63-->src\main\AndroidManifest.xml:37:17-68
63-->src\main\AndroidManifest.xml:37:25-66
64
65                <category android:name="android.intent.category.LAUNCHER" />
65-->src\main\AndroidManifest.xml:38:17-76
65-->src\main\AndroidManifest.xml:38:27-74
66            </intent-filter>
67        </activity>
68        <!--
69             Don't delete the meta-data below.
70             This is used by the Flutter tool to generate GeneratedPluginRegistrant.java
71        -->
72        <meta-data
72-->src\main\AndroidManifest.xml:43:9-45:33
73            android:name="flutterEmbedding"
73-->src\main\AndroidManifest.xml:44:13-44
74            android:value="2" />
74-->src\main\AndroidManifest.xml:45:13-30
75
76        <service android:name="io.flutter.plugins.firebasemessaging.FlutterFirebaseMessagingService" >
76-->[:firebase_messaging] AndroidManifest.xml:8:9-12:19
76-->[:firebase_messaging] AndroidManifest.xml:8:18-101
77            <intent-filter>
77-->[:firebase_messaging] AndroidManifest.xml:9:13-11:29
78                <action android:name="com.google.firebase.MESSAGING_EVENT" />
78-->[:firebase_messaging] AndroidManifest.xml:10:17-78
78-->[:firebase_messaging] AndroidManifest.xml:10:25-75
79            </intent-filter>
80        </service>
81        <service
81-->[:firebase_messaging] AndroidManifest.xml:13:9-17:19
82            android:name="com.google.firebase.components.ComponentDiscoveryService"
82-->[:firebase_messaging] AndroidManifest.xml:13:18-89
83            android:directBootAware="true"
83-->[com.google.firebase:firebase-common:19.5.0] AndroidManifest.xml:35:13-43
84            android:exported="false" >
84-->[com.google.firebase:firebase-auth:20.0.3] AndroidManifest.xml:76:13-37
85            <meta-data
85-->[:firebase_messaging] AndroidManifest.xml:14:13-16:85
86                android:name="com.google.firebase.components:io.flutter.plugins.firebasemessaging.FlutterFirebaseAppRegistrar"
86-->[:firebase_messaging] AndroidManifest.xml:15:17-127
87                android:value="com.google.firebase.components.ComponentRegistrar" />
87-->[:firebase_messaging] AndroidManifest.xml:16:17-82
88            <meta-data
88-->[:firebase_auth] AndroidManifest.xml:9:13-11:85
89                android:name="com.google.firebase.components:io.flutter.plugins.firebase.auth.FlutterFirebaseAuthRegistrar"
89-->[:firebase_auth] AndroidManifest.xml:10:17-124
90                android:value="com.google.firebase.components.ComponentRegistrar" />
90-->[:firebase_auth] AndroidManifest.xml:11:17-82
91            <meta-data
91-->[:cloud_firestore] AndroidManifest.xml:9:13-11:85
92                android:name="com.google.firebase.components:io.flutter.plugins.firebase.firestore.FlutterFirebaseFirestoreRegistrar"
92-->[:cloud_firestore] AndroidManifest.xml:10:17-134
93                android:value="com.google.firebase.components.ComponentRegistrar" />
93-->[:cloud_firestore] AndroidManifest.xml:11:17-82
94            <meta-data
94-->[:firebase_storage] AndroidManifest.xml:9:13-11:85
95                android:name="com.google.firebase.components:io.flutter.plugins.firebase.storage.FlutterFirebaseAppRegistrar"
95-->[:firebase_storage] AndroidManifest.xml:10:17-126
96                android:value="com.google.firebase.components.ComponentRegistrar" />
96-->[:firebase_storage] AndroidManifest.xml:11:17-82
97            <meta-data
97-->[:firebase_core] AndroidManifest.xml:9:13-11:85
98                android:name="com.google.firebase.components:io.flutter.plugins.firebase.core.FlutterFirebaseCoreRegistrar"
98-->[:firebase_core] AndroidManifest.xml:10:17-124
99                android:value="com.google.firebase.components.ComponentRegistrar" />
99-->[:firebase_core] AndroidManifest.xml:11:17-82
100            <meta-data
100-->[com.google.firebase:firebase-auth:20.0.3] AndroidManifest.xml:77:13-79:85
101                android:name="com.google.firebase.components:com.google.firebase.auth.FirebaseAuthRegistrar"
101-->[com.google.firebase:firebase-auth:20.0.3] AndroidManifest.xml:78:17-109
102                android:value="com.google.firebase.components.ComponentRegistrar" />
102-->[com.google.firebase:firebase-auth:20.0.3] AndroidManifest.xml:79:17-82
103            <meta-data
103-->[com.google.firebase:firebase-firestore:22.1.1] AndroidManifest.xml:20:13-22:85
104                android:name="com.google.firebase.components:com.google.firebase.firestore.FirestoreRegistrar"
104-->[com.google.firebase:firebase-firestore:22.1.1] AndroidManifest.xml:21:17-111
105                android:value="com.google.firebase.components.ComponentRegistrar" />
105-->[com.google.firebase:firebase-firestore:22.1.1] AndroidManifest.xml:22:17-82
106            <meta-data
106-->[com.google.firebase:firebase-storage:19.2.1] AndroidManifest.xml:33:13-35:85
107                android:name="com.google.firebase.components:com.google.firebase.storage.StorageRegistrar"
107-->[com.google.firebase:firebase-storage:19.2.1] AndroidManifest.xml:34:17-107
108                android:value="com.google.firebase.components.ComponentRegistrar" />
108-->[com.google.firebase:firebase-storage:19.2.1] AndroidManifest.xml:35:17-82
109            <meta-data
109-->[com.google.firebase:firebase-messaging:21.0.1] AndroidManifest.xml:39:13-41:85
110                android:name="com.google.firebase.components:com.google.firebase.messaging.FirebaseMessagingRegistrar"
110-->[com.google.firebase:firebase-messaging:21.0.1] AndroidManifest.xml:40:17-119
111                android:value="com.google.firebase.components.ComponentRegistrar" />
111-->[com.google.firebase:firebase-messaging:21.0.1] AndroidManifest.xml:41:17-82
112            <meta-data
112-->[com.google.firebase:firebase-iid:21.0.1] AndroidManifest.xml:32:13-34:85
113                android:name="com.google.firebase.components:com.google.firebase.iid.Registrar"
113-->[com.google.firebase:firebase-iid:21.0.1] AndroidManifest.xml:33:17-96
114                android:value="com.google.firebase.components.ComponentRegistrar" />
114-->[com.google.firebase:firebase-iid:21.0.1] AndroidManifest.xml:34:17-82
115            <meta-data
115-->[com.google.android.gms:play-services-measurement-api:18.0.2] AndroidManifest.xml:30:13-32:85
116                android:name="com.google.firebase.components:com.google.firebase.analytics.connector.internal.AnalyticsConnectorRegistrar"
116-->[com.google.android.gms:play-services-measurement-api:18.0.2] AndroidManifest.xml:31:17-139
117                android:value="com.google.firebase.components.ComponentRegistrar" />
117-->[com.google.android.gms:play-services-measurement-api:18.0.2] AndroidManifest.xml:32:17-82
118            <meta-data
118-->[com.google.firebase:firebase-datatransport:17.0.10] AndroidManifest.xml:28:13-30:85
119                android:name="com.google.firebase.components:com.google.firebase.datatransport.TransportRegistrar"
119-->[com.google.firebase:firebase-datatransport:17.0.10] AndroidManifest.xml:29:17-115
120                android:value="com.google.firebase.components.ComponentRegistrar" />
120-->[com.google.firebase:firebase-datatransport:17.0.10] AndroidManifest.xml:30:17-82
121            <meta-data
121-->[com.google.firebase:firebase-installations:16.3.5] AndroidManifest.xml:18:13-20:85
122                android:name="com.google.firebase.components:com.google.firebase.installations.FirebaseInstallationsRegistrar"
122-->[com.google.firebase:firebase-installations:16.3.5] AndroidManifest.xml:19:17-127
123                android:value="com.google.firebase.components.ComponentRegistrar" />
123-->[com.google.firebase:firebase-installations:16.3.5] AndroidManifest.xml:20:17-82
124            <!--
125                This registrar is not defined in the dynamic-module-support sdk itself to allow non-firebase
126                clients to use it as well, by defining this registrar in their own core/common library.
127            -->
128            <meta-data
128-->[com.google.firebase:firebase-common:19.5.0] AndroidManifest.xml:43:13-45:85
129                android:name="com.google.firebase.components:com.google.firebase.dynamicloading.DynamicLoadingRegistrar"
129-->[com.google.firebase:firebase-common:19.5.0] AndroidManifest.xml:44:17-121
130                android:value="com.google.firebase.components.ComponentRegistrar" />
130-->[com.google.firebase:firebase-common:19.5.0] AndroidManifest.xml:45:17-82
131        </service>
132
133        <provider
133-->[:image_picker] AndroidManifest.xml:11:9-19:20
134            android:name="io.flutter.plugins.imagepicker.ImagePickerFileProvider"
134-->[:image_picker] AndroidManifest.xml:12:13-82
135            android:authorities="com.example.pooleye.flutter.image_provider"
135-->[:image_picker] AndroidManifest.xml:13:13-74
136            android:exported="false"
136-->[:image_picker] AndroidManifest.xml:14:13-37
137            android:grantUriPermissions="true" >
137-->[:image_picker] AndroidManifest.xml:15:13-47
138            <meta-data
138-->[:image_picker] AndroidManifest.xml:16:13-18:75
139                android:name="android.support.FILE_PROVIDER_PATHS"
139-->[:image_picker] AndroidManifest.xml:17:17-67
140                android:resource="@xml/flutter_image_picker_file_paths" />
140-->[:image_picker] AndroidManifest.xml:18:17-72
141        </provider>
142
143        <activity
143-->[com.google.firebase:firebase-auth:20.0.3] AndroidManifest.xml:27:9-44:20
144            android:name="com.google.firebase.auth.internal.GenericIdpActivity"
144-->[com.google.firebase:firebase-auth:20.0.3] AndroidManifest.xml:28:13-80
145            android:excludeFromRecents="true"
145-->[com.google.firebase:firebase-auth:20.0.3] AndroidManifest.xml:29:13-46
146            android:exported="true"
146-->[com.google.firebase:firebase-auth:20.0.3] AndroidManifest.xml:30:13-36
147            android:launchMode="singleTask"
147-->[com.google.firebase:firebase-auth:20.0.3] AndroidManifest.xml:31:13-44
148            android:theme="@android:style/Theme.Translucent.NoTitleBar" >
148-->[com.google.firebase:firebase-auth:20.0.3] AndroidManifest.xml:32:13-72
149            <intent-filter>
149-->[com.google.firebase:firebase-auth:20.0.3] AndroidManifest.xml:33:13-43:29
150                <action android:name="android.intent.action.VIEW" />
150-->[com.google.firebase:firebase-auth:20.0.3] AndroidManifest.xml:34:17-69
150-->[com.google.firebase:firebase-auth:20.0.3] AndroidManifest.xml:34:25-66
151
152                <category android:name="android.intent.category.DEFAULT" />
152-->[com.google.firebase:firebase-auth:20.0.3] AndroidManifest.xml:36:17-76
152-->[com.google.firebase:firebase-auth:20.0.3] AndroidManifest.xml:36:27-73
153                <category android:name="android.intent.category.BROWSABLE" />
153-->[com.google.firebase:firebase-auth:20.0.3] AndroidManifest.xml:37:17-78
153-->[com.google.firebase:firebase-auth:20.0.3] AndroidManifest.xml:37:27-75
154
155                <data
155-->[com.google.firebase:firebase-auth:20.0.3] AndroidManifest.xml:39:17-42:51
156                    android:host="firebase.auth"
156-->[com.google.firebase:firebase-auth:20.0.3] AndroidManifest.xml:40:21-49
157                    android:path="/"
157-->[com.google.firebase:firebase-auth:20.0.3] AndroidManifest.xml:41:21-37
158                    android:scheme="genericidp" />
158-->[com.google.firebase:firebase-auth:20.0.3] AndroidManifest.xml:42:21-48
159            </intent-filter>
160        </activity>
161        <activity
161-->[com.google.firebase:firebase-auth:20.0.3] AndroidManifest.xml:45:9-62:20
162            android:name="com.google.firebase.auth.internal.RecaptchaActivity"
162-->[com.google.firebase:firebase-auth:20.0.3] AndroidManifest.xml:46:13-79
163            android:excludeFromRecents="true"
163-->[com.google.firebase:firebase-auth:20.0.3] AndroidManifest.xml:47:13-46
164            android:exported="true"
164-->[com.google.firebase:firebase-auth:20.0.3] AndroidManifest.xml:48:13-36
165            android:launchMode="singleTask"
165-->[com.google.firebase:firebase-auth:20.0.3] AndroidManifest.xml:49:13-44
166            android:theme="@android:style/Theme.Translucent.NoTitleBar" >
166-->[com.google.firebase:firebase-auth:20.0.3] AndroidManifest.xml:50:13-72
167            <intent-filter>
167-->[com.google.firebase:firebase-auth:20.0.3] AndroidManifest.xml:51:13-61:29
168                <action android:name="android.intent.action.VIEW" />
168-->[com.google.firebase:firebase-auth:20.0.3] AndroidManifest.xml:34:17-69
168-->[com.google.firebase:firebase-auth:20.0.3] AndroidManifest.xml:34:25-66
169
170                <category android:name="android.intent.category.DEFAULT" />
170-->[com.google.firebase:firebase-auth:20.0.3] AndroidManifest.xml:36:17-76
170-->[com.google.firebase:firebase-auth:20.0.3] AndroidManifest.xml:36:27-73
171                <category android:name="android.intent.category.BROWSABLE" />
171-->[com.google.firebase:firebase-auth:20.0.3] AndroidManifest.xml:37:17-78
171-->[com.google.firebase:firebase-auth:20.0.3] AndroidManifest.xml:37:27-75
172
173                <data
173-->[com.google.firebase:firebase-auth:20.0.3] AndroidManifest.xml:39:17-42:51
174                    android:host="firebase.auth"
174-->[com.google.firebase:firebase-auth:20.0.3] AndroidManifest.xml:40:21-49
175                    android:path="/"
175-->[com.google.firebase:firebase-auth:20.0.3] AndroidManifest.xml:41:21-37
176                    android:scheme="recaptcha" />
176-->[com.google.firebase:firebase-auth:20.0.3] AndroidManifest.xml:42:21-48
177            </intent-filter>
178        </activity>
179
180        <service
180-->[com.google.firebase:firebase-auth:20.0.3] AndroidManifest.xml:64:9-73:19
181            android:name="com.google.firebase.auth.api.fallback.service.FirebaseAuthFallbackService"
181-->[com.google.firebase:firebase-auth:20.0.3] AndroidManifest.xml:65:13-101
182            android:enabled="true"
182-->[com.google.firebase:firebase-auth:20.0.3] AndroidManifest.xml:66:13-35
183            android:exported="false" >
183-->[com.google.firebase:firebase-auth:20.0.3] AndroidManifest.xml:67:13-37
184            <intent-filter>
184-->[com.google.firebase:firebase-auth:20.0.3] AndroidManifest.xml:68:13-72:29
185                <action android:name="com.google.firebase.auth.api.gms.service.START" />
185-->[com.google.firebase:firebase-auth:20.0.3] AndroidManifest.xml:69:17-89
185-->[com.google.firebase:firebase-auth:20.0.3] AndroidManifest.xml:69:25-86
186
187                <category android:name="android.intent.category.DEFAULT" />
187-->[com.google.firebase:firebase-auth:20.0.3] AndroidManifest.xml:36:17-76
187-->[com.google.firebase:firebase-auth:20.0.3] AndroidManifest.xml:36:27-73
188            </intent-filter>
189        </service>
190        <!--
191             FirebaseMessagingService performs security checks at runtime,
192             but set to not exported to explicitly avoid allowing another app to call it.
193        -->
194        <service
194-->[com.google.firebase:firebase-messaging:21.0.1] AndroidManifest.xml:28:9-35:19
195            android:name="com.google.firebase.messaging.FirebaseMessagingService"
195-->[com.google.firebase:firebase-messaging:21.0.1] AndroidManifest.xml:29:13-82
196            android:directBootAware="true"
196-->[com.google.firebase:firebase-messaging:21.0.1] AndroidManifest.xml:30:13-43
197            android:exported="false" >
197-->[com.google.firebase:firebase-messaging:21.0.1] AndroidManifest.xml:31:13-37
198            <intent-filter android:priority="-500" >
198-->[:firebase_messaging] AndroidManifest.xml:9:13-11:29
199                <action android:name="com.google.firebase.MESSAGING_EVENT" />
199-->[:firebase_messaging] AndroidManifest.xml:10:17-78
199-->[:firebase_messaging] AndroidManifest.xml:10:25-75
200            </intent-filter>
201        </service>
202
203        <receiver
203-->[com.google.firebase:firebase-iid:21.0.1] AndroidManifest.xml:37:9-44:20
204            android:name="com.google.firebase.iid.FirebaseInstanceIdReceiver"
204-->[com.google.firebase:firebase-iid:21.0.1] AndroidManifest.xml:38:13-78
205            android:exported="true"
205-->[com.google.firebase:firebase-iid:21.0.1] AndroidManifest.xml:39:13-36
206            android:permission="com.google.android.c2dm.permission.SEND" >
206-->[com.google.firebase:firebase-iid:21.0.1] AndroidManifest.xml:40:13-73
207            <intent-filter>
207-->[com.google.firebase:firebase-iid:21.0.1] AndroidManifest.xml:41:13-43:29
208                <action android:name="com.google.android.c2dm.intent.RECEIVE" />
208-->[com.google.firebase:firebase-iid:21.0.1] AndroidManifest.xml:42:17-81
208-->[com.google.firebase:firebase-iid:21.0.1] AndroidManifest.xml:42:25-78
209            </intent-filter>
210        </receiver>
211
212        <activity
212-->[com.google.android.gms:play-services-base:17.1.0] AndroidManifest.xml:23:9-26:75
213            android:name="com.google.android.gms.common.api.GoogleApiActivity"
213-->[com.google.android.gms:play-services-base:17.1.0] AndroidManifest.xml:24:13-79
214            android:exported="false"
214-->[com.google.android.gms:play-services-base:17.1.0] AndroidManifest.xml:25:13-37
215            android:theme="@android:style/Theme.Translucent.NoTitleBar" />
215-->[com.google.android.gms:play-services-base:17.1.0] AndroidManifest.xml:26:13-72
216
217        <receiver
217-->[com.google.android.gms:play-services-measurement:18.0.2] AndroidManifest.xml:29:9-33:20
218            android:name="com.google.android.gms.measurement.AppMeasurementReceiver"
218-->[com.google.android.gms:play-services-measurement:18.0.2] AndroidManifest.xml:30:13-85
219            android:enabled="true"
219-->[com.google.android.gms:play-services-measurement:18.0.2] AndroidManifest.xml:31:13-35
220            android:exported="false" >
220-->[com.google.android.gms:play-services-measurement:18.0.2] AndroidManifest.xml:32:13-37
221        </receiver>
222
223        <service
223-->[com.google.android.gms:play-services-measurement:18.0.2] AndroidManifest.xml:35:9-38:40
224            android:name="com.google.android.gms.measurement.AppMeasurementService"
224-->[com.google.android.gms:play-services-measurement:18.0.2] AndroidManifest.xml:36:13-84
225            android:enabled="true"
225-->[com.google.android.gms:play-services-measurement:18.0.2] AndroidManifest.xml:37:13-35
226            android:exported="false" />
226-->[com.google.android.gms:play-services-measurement:18.0.2] AndroidManifest.xml:38:13-37
227        <service
227-->[com.google.android.gms:play-services-measurement:18.0.2] AndroidManifest.xml:39:9-43:72
228            android:name="com.google.android.gms.measurement.AppMeasurementJobService"
228-->[com.google.android.gms:play-services-measurement:18.0.2] AndroidManifest.xml:40:13-87
229            android:enabled="true"
229-->[com.google.android.gms:play-services-measurement:18.0.2] AndroidManifest.xml:41:13-35
230            android:exported="false"
230-->[com.google.android.gms:play-services-measurement:18.0.2] AndroidManifest.xml:42:13-37
231            android:permission="android.permission.BIND_JOB_SERVICE" />
231-->[com.google.android.gms:play-services-measurement:18.0.2] AndroidManifest.xml:43:13-69
232
233        <provider
233-->[com.google.firebase:firebase-common:19.5.0] AndroidManifest.xml:26:9-31:39
234            android:name="com.google.firebase.provider.FirebaseInitProvider"
234-->[com.google.firebase:firebase-common:19.5.0] AndroidManifest.xml:27:13-77
235            android:authorities="com.example.pooleye.firebaseinitprovider"
235-->[com.google.firebase:firebase-common:19.5.0] AndroidManifest.xml:28:13-72
236            android:directBootAware="true"
236-->[com.google.firebase:firebase-common:19.5.0] AndroidManifest.xml:29:13-43
237            android:exported="false"
237-->[com.google.firebase:firebase-common:19.5.0] AndroidManifest.xml:30:13-37
238            android:initOrder="100" />
238-->[com.google.firebase:firebase-common:19.5.0] AndroidManifest.xml:31:13-36
239
240        <meta-data
240-->[com.google.android.gms:play-services-basement:17.1.0] AndroidManifest.xml:23:9-25:69
241            android:name="com.google.android.gms.version"
241-->[com.google.android.gms:play-services-basement:17.1.0] AndroidManifest.xml:24:13-58
242            android:value="@integer/google_play_services_version" />
242-->[com.google.android.gms:play-services-basement:17.1.0] AndroidManifest.xml:25:13-66
243
244        <service
244-->[com.google.android.datatransport:transport-backend-cct:2.3.3] AndroidManifest.xml:29:9-35:19
245            android:name="com.google.android.datatransport.runtime.backends.TransportBackendDiscovery"
245-->[com.google.android.datatransport:transport-backend-cct:2.3.3] AndroidManifest.xml:30:13-103
246            android:exported="false" >
246-->[com.google.android.datatransport:transport-backend-cct:2.3.3] AndroidManifest.xml:31:13-37
247            <meta-data
247-->[com.google.android.datatransport:transport-backend-cct:2.3.3] AndroidManifest.xml:32:13-34:39
248                android:name="backend:com.google.android.datatransport.cct.CctBackendFactory"
248-->[com.google.android.datatransport:transport-backend-cct:2.3.3] AndroidManifest.xml:33:17-94
249                android:value="cct" />
249-->[com.google.android.datatransport:transport-backend-cct:2.3.3] AndroidManifest.xml:34:17-36
250        </service>
251        <service
251-->[com.google.android.datatransport:transport-runtime:2.2.5] AndroidManifest.xml:26:9-30:19
252            android:name="com.google.android.datatransport.runtime.scheduling.jobscheduling.JobInfoSchedulerService"
252-->[com.google.android.datatransport:transport-runtime:2.2.5] AndroidManifest.xml:27:13-117
253            android:exported="false"
253-->[com.google.android.datatransport:transport-runtime:2.2.5] AndroidManifest.xml:28:13-37
254            android:permission="android.permission.BIND_JOB_SERVICE" >
254-->[com.google.android.datatransport:transport-runtime:2.2.5] AndroidManifest.xml:29:13-69
255        </service>
256
257        <receiver
257-->[com.google.android.datatransport:transport-runtime:2.2.5] AndroidManifest.xml:32:9-34:40
258            android:name="com.google.android.datatransport.runtime.scheduling.jobscheduling.AlarmManagerSchedulerBroadcastReceiver"
258-->[com.google.android.datatransport:transport-runtime:2.2.5] AndroidManifest.xml:33:13-132
259            android:exported="false" />
259-->[com.google.android.datatransport:transport-runtime:2.2.5] AndroidManifest.xml:34:13-37
260    </application>
261
262</manifest>